0 info it worked if it ends with ok
1 verbose cli [ 'C:\\Program Files\\nodejs\\\\node.exe',
1 verbose cli   'C:\\Program Files\\nodejs\\node_modules\\npm\\bin\\npm-cli.js',
1 verbose cli   'install',
1 verbose cli   'junit' ]
2 info using npm@1.4.21
3 info using node@v0.10.30
4 verbose node symlink C:\Program Files\nodejs\\node.exe
5 warn package.json saorsa.angular.infrastricture@0.1.0 No repository field.
6 warn package.json karma-phantomjs-launcher@0.1.4 No README data
7 verbose readDependencies using package.json deps
8 verbose cache add [ 'junit', null ]
9 verbose cache add name=undefined spec="junit" args=["junit",null]
10 verbose parsed url { protocol: null,
10 verbose parsed url   slashes: null,
10 verbose parsed url   auth: null,
10 verbose parsed url   host: null,
10 verbose parsed url   port: null,
10 verbose parsed url   hostname: null,
10 verbose parsed url   hash: null,
10 verbose parsed url   search: null,
10 verbose parsed url   query: null,
10 verbose parsed url   pathname: 'junit',
10 verbose parsed url   path: 'junit',
10 verbose parsed url   href: 'junit' }
11 silly lockFile fdda4a4a-junit junit
12 verbose lock junit C:\Users\Andrey Dautev\AppData\Roaming\npm-cache\fdda4a4a-junit.lock
13 silly lockFile fdda4a4a-junit junit
14 silly lockFile fdda4a4a-junit junit
15 verbose addNamed [ 'junit', '' ]
16 verbose addNamed [ null, '*' ]
17 silly lockFile 2a2f3286-junit junit@
18 verbose lock junit@ C:\Users\Andrey Dautev\AppData\Roaming\npm-cache\2a2f3286-junit.lock
19 silly addNameRange { name: 'junit', range: '*', hasData: false }
20 verbose request where is /junit
21 verbose request registry https://registry.npmjs.org/
22 verbose request id 4e091bd44385d491
23 verbose url raw /junit
24 verbose url resolving [ 'https://registry.npmjs.org/', './junit' ]
25 verbose url resolved https://registry.npmjs.org/junit
26 verbose request where is https://registry.npmjs.org/junit
27 info trying registry request attempt 1 at 00:54:36
28 http GET https://registry.npmjs.org/junit
29 http 404 https://registry.npmjs.org/junit
30 verbose headers { date: 'Fri, 10 Oct 2014 21:54:40 GMT',
30 verbose headers   server: 'CouchDB/1.5.0 (Erlang OTP/R16B03)',
30 verbose headers   'content-type': 'application/json',
30 verbose headers   'cache-control': 'max-age=0',
30 verbose headers   'content-length': '52',
30 verbose headers   'accept-ranges': 'bytes',
30 verbose headers   via: '1.1 varnish',
30 verbose headers   age: '0',
30 verbose headers   'x-served-by': 'cache-fra1231-FRA',
30 verbose headers   'x-cache': 'MISS',
30 verbose headers   'x-cache-hits': '0',
30 verbose headers   'x-timer': 'S1412978080.338799,VS0,VE172',
30 verbose headers   'keep-alive': 'timeout=10, max=50',
30 verbose headers   connection: 'Keep-Alive' }
31 silly registry.get cb [ 404,
31 silly registry.get   { date: 'Fri, 10 Oct 2014 21:54:40 GMT',
31 silly registry.get     server: 'CouchDB/1.5.0 (Erlang OTP/R16B03)',
31 silly registry.get     'content-type': 'application/json',
31 silly registry.get     'cache-control': 'max-age=0',
31 silly registry.get     'content-length': '52',
31 silly registry.get     'accept-ranges': 'bytes',
31 silly registry.get     via: '1.1 varnish',
31 silly registry.get     age: '0',
31 silly registry.get     'x-served-by': 'cache-fra1231-FRA',
31 silly registry.get     'x-cache': 'MISS',
31 silly registry.get     'x-cache-hits': '0',
31 silly registry.get     'x-timer': 'S1412978080.338799,VS0,VE172',
31 silly registry.get     'keep-alive': 'timeout=10, max=50',
31 silly registry.get     connection: 'Keep-Alive' } ]
32 silly lockFile 2a2f3286-junit junit@
33 silly lockFile 2a2f3286-junit junit@
34 error 404 404 Not Found: junit
34 error 404
34 error 404 'junit' is not in the npm registry.
34 error 404 You should bug the author to publish it
34 error 404 It was specified as a dependency of 'saorsa.angular.infrastricture'
34 error 404
34 error 404 Note that you can also install from a
34 error 404 tarball, folder, or http url, or git url.
35 error System Windows_NT 6.2.9200
36 error command "C:\\Program Files\\nodejs\\\\node.exe" "C:\\Program Files\\nodejs\\node_modules\\npm\\bin\\npm-cli.js" "install" "junit"
37 error cwd D:\Git\Saorsa.Infrastructure\saorsa.angular.infrastructure
38 error node -v v0.10.30
39 error npm -v 1.4.21
40 error code E404
41 verbose exit [ 1, true ]
